{"html":"<div>Вам предстоит осчастливить:</div><div>Жукаркин Игорь (zhukarkin@inlinetelecom.ru)</div>","level":"info","message":"","timestamp":"2015-12-11T08:48:42.040Z"}
{"html":"<div>Вам предстоит осчастливить:</div><div>Баранова Юлия (y.baranova@inlinetelecom.ru)</div>","level":"info","message":"","timestamp":"2015-12-11T08:48:42.044Z"}
{"html":"<div>Вам предстоит осчастливить:</div><div>Роговцова Наталья (n.rogovtsova@inlinetelecom.ru)</div>","level":"info","message":"","timestamp":"2015-12-11T08:48:42.045Z"}
{"html":"<div>Вам предстоит осчастливить:</div><div>Мохова Екатерина (e.mokhova@inlinetelecom.ru)</div>","level":"info","message":"","timestamp":"2015-12-11T08:48:42.045Z"}
{"html":"<div>Вам предстоит осчастливить:</div><div>Карева Ирина (i.kareva@inlinetelecom.ru)</div>","level":"info","message":"","timestamp":"2015-12-11T08:48:42.045Z"}
{"html":"<div>Вам предстоит осчастливить:</div><div>Погорелова Мария (m.belokonova@inlinetelecom.ru)</div>","level":"info","message":"","timestamp":"2015-12-11T08:48:42.046Z"}
{"html":"<div>Вам предстоит осчастливить:</div><div>Кущенко Елена (e.kuschenko@inlinetelecom.ru)</div>","level":"info","message":"","timestamp":"2015-12-11T08:48:42.046Z"}
{"html":"<div>Вам предстоит осчастливить:</div><div>Нагретдинова Карина (karina@inlinetelecom.ru)</div>","level":"info","message":"","timestamp":"2015-12-11T08:48:42.046Z"}
{"html":"<div>Вам предстоит осчастливить:</div><div>Сопова Анна (a.sopova@inlinetelecom.ru)</div>","level":"info","message":"","timestamp":"2015-12-11T08:48:42.046Z"}
{"html":"<div>Вам предстоит осчастливить:</div><div>Макарова Мария (ma.makarova@inlinetelecom.ru)</div>","level":"info","message":"","timestamp":"2015-12-11T08:48:42.046Z"}
{"html":"<div>Вам предстоит осчастливить:</div><div>Лизунова Елена (e.lizunova@inlinetelecom.ru)</div>","level":"info","message":"","timestamp":"2015-12-11T08:48:42.047Z"}
{"html":"<div>Вам предстоит осчастливить:</div><div>Федоров Александр (Владимирович) (av.fedorov@inlinetelecom.ru)</div>","level":"info","message":"","timestamp":"2015-12-11T08:48:42.047Z"}
{"html":"<div>Вам предстоит осчастливить:</div><div>Джигкаева Анна (a.dzhigkaeva@inlinetelecom.ru)</div>","level":"info","message":"","timestamp":"2015-12-11T08:48:42.047Z"}
{"html":"<div>Вам предстоит осчастливить:</div><div>Зорина Наталья (n.zorina@inlinetelecom.ru)</div>","level":"info","message":"","timestamp":"2015-12-11T08:48:42.047Z"}
{"html":"<div>Вам предстоит осчастливить:</div><div>Злуникин Юрий (y.zlunikin@itgrp.ru)</div>","level":"info","message":"","timestamp":"2015-12-11T08:48:42.047Z"}
{"html":"<div>Вам предстоит осчастливить:</div><div>Неровнова Татьяна (t.nerovnova@inlinetelecom.ru)</div>","level":"info","message":"","timestamp":"2015-12-11T08:48:42.048Z"}
{"html":"<div>Вам предстоит осчастливить:</div><div>Гушель Светлана (s.gushel@inlinetelecom.ru)</div>","level":"info","message":"","timestamp":"2015-12-11T08:48:42.048Z"}
{"html":"<div>Вам предстоит осчастливить:</div><div>Шелег Анна (a.sheleg@inlinetelecom.ru)</div>","level":"info","message":"","timestamp":"2015-12-11T08:48:42.048Z"}
{"html":"<div>Вам предстоит осчастливить:</div><div>Петров Евгений (petrov@inlinetelecom.ru)</div>","level":"info","message":"","timestamp":"2015-12-11T08:48:42.048Z"}
{"html":"<div>Вам предстоит осчастливить:</div><div>Бусыгин Антон (a.busygin@inlinetelecom.ru)</div>","level":"info","message":"","timestamp":"2015-12-11T08:48:42.048Z"}
{"html":"<div>Вам предстоит осчастливить:</div><div>Малых Юлия (j.malykh@inlinetelecom.ru)</div>","level":"info","message":"","timestamp":"2015-12-11T08:48:42.048Z"}
{"html":"<div>Вам предстоит осчастливить:</div><div>Малашок Ольга (malashok.o@inlinetelecom.ru)</div>","level":"info","message":"","timestamp":"2015-12-11T08:48:42.049Z"}
{"html":"<div>Вам предстоит осчастливить:</div><div>Касьянов Андрей (a.kasyanov@inlinetelecom.ru)</div>","level":"info","message":"","timestamp":"2015-12-11T08:48:42.049Z"}
{"html":"<div>Вам предстоит осчастливить:</div><div>Михалев Денис (d.mikhalev@inlinetelecom.ru)</div>","level":"info","message":"","timestamp":"2015-12-11T08:48:42.049Z"}
{"html":"<div>Вам предстоит осчастливить:</div><div>Григорова Ольга (grigorova@inlinetelecom.ru)</div>","level":"info","message":"","timestamp":"2015-12-11T08:48:42.049Z"}
{"html":"<div>Вам предстоит осчастливить:</div><div>Васильева Анна (a.vasilieva@inlinetelecom.ru)</div>","level":"info","message":"","timestamp":"2015-12-11T08:48:42.049Z"}
{"html":"<div>Вам предстоит осчастливить:</div><div>Назарова Татьяна (t.nazarova@inlinetelecom.ru)</div>","level":"info","message":"","timestamp":"2015-12-11T08:48:42.050Z"}
{"html":"<div>Вам предстоит осчастливить:</div><div>Пруткой Андрей (prutkoy@inlinetelecom.ru)</div>","level":"info","message":"","timestamp":"2015-12-11T08:48:42.050Z"}
{"html":"<div>Вам предстоит осчастливить:</div><div>Иванова Ульяна (u.ivanova@inlinetelecom.ru)</div>","level":"info","message":"","timestamp":"2015-12-11T08:48:42.050Z"}
{"html":"<div>Вам предстоит осчастливить:</div><div>Козлова Татьяна (kozl@inlinetelecom.ru)</div>","level":"info","message":"","timestamp":"2015-12-11T08:48:42.050Z"}
{"html":"<div>Вам предстоит осчастливить:</div><div>Колпин Алексей (a.kolpin@inlinetelecom.ru)</div>","level":"info","message":"","timestamp":"2015-12-11T08:48:42.050Z"}
{"html":"<div>Вам предстоит осчастливить:</div><div>Никифоров Дмитрий (nikiforov@inlinetelecom.ru)</div>","level":"info","message":"","timestamp":"2015-12-11T08:48:42.050Z"}
{"html":"<div>Вам предстоит осчастливить:</div><div>Холодкова Анна (a.kholodkova@inlinetelecom.ru)</div>","level":"info","message":"","timestamp":"2015-12-11T08:48:42.051Z"}
{"html":"<div>Вам предстоит осчастливить:</div><div>Колоколова Мария (m.kolokolova@inlinetelecom.ru)</div>","level":"info","message":"","timestamp":"2015-12-11T08:48:42.051Z"}
{"to":"e.kuschenko@inlinetelecom.ru","html":"<div>Вам предстоит осчастливить:</div><div>Баранова Юлия (y.baranova@inlinetelecom.ru)</div>","level":"info","message":"","timestamp":"2015-12-11T08:49:00.614Z"}
{"to":"prutkoy@inlinetelecom.ru","html":"<div>Вам предстоит осчастливить:</div><div>Холодкова Анна (a.kholodkova@inlinetelecom.ru)</div>","level":"info","message":"","timestamp":"2015-12-11T08:49:00.618Z"}
{"to":"kozl@inlinetelecom.ru","html":"<div>Вам предстоит осчастливить:</div><div>Роговцова Наталья (n.rogovtsova@inlinetelecom.ru)</div>","level":"info","message":"","timestamp":"2015-12-11T08:49:00.619Z"}
{"to":"i.kareva@inlinetelecom.ru","html":"<div>Вам предстоит осчастливить:</div><div>Жукаркин Игорь (zhukarkin@inlinetelecom.ru)</div>","level":"info","message":"","timestamp":"2015-12-11T08:49:00.619Z"}
{"to":"zhukarkin@inlinetelecom.ru","html":"<div>Вам предстоит осчастливить:</div><div>Джигкаева Анна (a.dzhigkaeva@inlinetelecom.ru)</div>","level":"info","message":"","timestamp":"2015-12-11T08:49:00.619Z"}
{"to":"nikiforov@inlinetelecom.ru","html":"<div>Вам предстоит осчастливить:</div><div>Нагретдинова Карина (karina@inlinetelecom.ru)</div>","level":"info","message":"","timestamp":"2015-12-11T08:49:00.620Z"}
{"to":"malashok.o@inlinetelecom.ru","html":"<div>Вам предстоит осчастливить:</div><div>Лизунова Елена (e.lizunova@inlinetelecom.ru)</div>","level":"info","message":"","timestamp":"2015-12-11T08:49:00.620Z"}
{"to":"ma.makarova@inlinetelecom.ru","html":"<div>Вам предстоит осчастливить:</div><div>Зорина Наталья (n.zorina@inlinetelecom.ru)</div>","level":"info","message":"","timestamp":"2015-12-11T08:49:00.620Z"}
{"to":"n.rogovtsova@inlinetelecom.ru","html":"<div>Вам предстоит осчастливить:</div><div>Малых Юлия (j.malykh@inlinetelecom.ru)</div>","level":"info","message":"","timestamp":"2015-12-11T08:49:00.620Z"}
{"to":"m.belokonova@inlinetelecom.ru","html":"<div>Вам предстоит осчастливить:</div><div>Колпин Алексей (a.kolpin@inlinetelecom.ru)</div>","level":"info","message":"","timestamp":"2015-12-11T08:49:00.621Z"}
{"to":"karina@inlinetelecom.ru","html":"<div>Вам предстоит осчастливить:</div><div>Касьянов Андрей (a.kasyanov@inlinetelecom.ru)</div>","level":"info","message":"","timestamp":"2015-12-11T08:49:00.621Z"}
{"to":"a.sopova@inlinetelecom.ru","html":"<div>Вам предстоит осчастливить:</div><div>Карева Ирина (i.kareva@inlinetelecom.ru)</div>","level":"info","message":"","timestamp":"2015-12-11T08:49:00.621Z"}
{"to":"a.sheleg@inlinetelecom.ru","html":"<div>Вам предстоит осчастливить:</div><div>Козлова Татьяна (kozl@inlinetelecom.ru)</div>","level":"info","message":"","timestamp":"2015-12-11T08:49:00.621Z"}
{"to":"t.nerovnova@inlinetelecom.ru","html":"<div>Вам предстоит осчастливить:</div><div>Никифоров Дмитрий (nikiforov@inlinetelecom.ru)</div>","level":"info","message":"","timestamp":"2015-12-11T08:49:00.621Z"}
{"to":"u.ivanova@inlinetelecom.ru","html":"<div>Вам предстоит осчастливить:</div><div>Гушель Светлана (s.gushel@inlinetelecom.ru)</div>","level":"info","message":"","timestamp":"2015-12-11T08:49:00.622Z"}
{"to":"grigorova@inlinetelecom.ru","html":"<div>Вам предстоит осчастливить:</div><div>Васильева Анна (a.vasilieva@inlinetelecom.ru)</div>","level":"info","message":"","timestamp":"2015-12-11T08:49:00.622Z"}
{"to":"e.mokhova@inlinetelecom.ru","html":"<div>Вам предстоит осчастливить:</div><div>Злуникин Юрий (y.zlunikin@itgrp.ru)</div>","level":"info","message":"","timestamp":"2015-12-11T08:49:00.622Z"}
{"to":"a.dzhigkaeva@inlinetelecom.ru","html":"<div>Вам предстоит осчастливить:</div><div>Шелег Анна (a.sheleg@inlinetelecom.ru)</div>","level":"info","message":"","timestamp":"2015-12-11T08:49:00.622Z"}
{"to":"t.nazarova@inlinetelecom.ru","html":"<div>Вам предстоит осчастливить:</div><div>Макарова Мария (ma.makarova@inlinetelecom.ru)</div>","level":"info","message":"","timestamp":"2015-12-11T08:49:00.622Z"}
{"to":"a.kholodkova@inlinetelecom.ru","html":"<div>Вам предстоит осчастливить:</div><div>Колоколова Мария (m.kolokolova@inlinetelecom.ru)</div>","level":"info","message":"","timestamp":"2015-12-11T08:49:00.623Z"}
{"to":"m.kolokolova@inlinetelecom.ru","html":"<div>Вам предстоит осчастливить:</div><div>Петров Евгений (petrov@inlinetelecom.ru)</div>","level":"info","message":"","timestamp":"2015-12-11T08:49:00.623Z"}
{"to":"e.lizunova@inlinetelecom.ru","html":"<div>Вам предстоит осчастливить:</div><div>Михалев Денис (d.mikhalev@inlinetelecom.ru)</div>","level":"info","message":"","timestamp":"2015-12-11T08:49:00.623Z"}
{"to":"a.busygin@inlinetelecom.ru","html":"<div>Вам предстоит осчастливить:</div><div>Кущенко Елена (e.kuschenko@inlinetelecom.ru)</div>","level":"info","message":"","timestamp":"2015-12-11T08:49:00.623Z"}
{"to":"y.zlunikin@itgrp.ru","html":"<div>Вам предстоит осчастливить:</div><div>Григорова Ольга (grigorova@inlinetelecom.ru)</div>","level":"info","message":"","timestamp":"2015-12-11T08:49:00.623Z"}
{"to":"d.mikhalev@inlinetelecom.ru","html":"<div>Вам предстоит осчастливить:</div><div>Назарова Татьяна (t.nazarova@inlinetelecom.ru)</div>","level":"info","message":"","timestamp":"2015-12-11T08:49:00.624Z"}
{"to":"s.gushel@inlinetelecom.ru","html":"<div>Вам предстоит осчастливить:</div><div>Сопова Анна (a.sopova@inlinetelecom.ru)</div>","level":"info","message":"","timestamp":"2015-12-11T08:49:00.624Z"}
{"to":"j.malykh@inlinetelecom.ru","html":"<div>Вам предстоит осчастливить:</div><div>Неровнова Татьяна (t.nerovnova@inlinetelecom.ru)</div>","level":"info","message":"","timestamp":"2015-12-11T08:49:00.624Z"}
{"to":"a.kolpin@inlinetelecom.ru","html":"<div>Вам предстоит осчастливить:</div><div>Пруткой Андрей (prutkoy@inlinetelecom.ru)</div>","level":"info","message":"","timestamp":"2015-12-11T08:49:00.624Z"}
{"to":"av.fedorov@inlinetelecom.ru","html":"<div>Вам предстоит осчастливить:</div><div>Иванова Ульяна (u.ivanova@inlinetelecom.ru)</div>","level":"info","message":"","timestamp":"2015-12-11T08:49:00.624Z"}
{"to":"n.zorina@inlinetelecom.ru","html":"<div>Вам предстоит осчастливить:</div><div>Малашок Ольга (malashok.o@inlinetelecom.ru)</div>","level":"info","message":"","timestamp":"2015-12-11T08:49:00.624Z"}
{"to":"a.vasilieva@inlinetelecom.ru","html":"<div>Вам предстоит осчастливить:</div><div>Федоров Александр (Владимирович) (av.fedorov@inlinetelecom.ru)</div>","level":"info","message":"","timestamp":"2015-12-11T08:49:00.625Z"}
{"to":"y.baranova@inlinetelecom.ru","html":"<div>Вам предстоит осчастливить:</div><div>Бусыгин Антон (a.busygin@inlinetelecom.ru)</div>","level":"info","message":"","timestamp":"2015-12-11T08:49:00.625Z"}
{"to":"petrov@inlinetelecom.ru","html":"<div>Вам предстоит осчастливить:</div><div>Мохова Екатерина (e.mokhova@inlinetelecom.ru)</div>","level":"info","message":"","timestamp":"2015-12-11T08:49:00.625Z"}
{"to":"a.kasyanov@inlinetelecom.ru","html":"<div>Вам предстоит осчастливить:</div><div>Погорелова Мария (m.belokonova@inlinetelecom.ru)</div>","level":"info","message":"","timestamp":"2015-12-11T08:49:00.626Z"}
{"level":"error","timestamp":"2015-12-11T08:50:13.533Z"}
{"to":"e.kuschenko@inlinetelecom.ru","html":"<div>Вам предстоит осчастливить:</div><div>Колоколова Мария (m.kolokolova@inlinetelecom.ru)</div>","level":"info","message":"","timestamp":"2015-12-11T09:12:51.417Z"}
{"to":"prutkoy@inlinetelecom.ru","html":"<div>Вам предстоит осчастливить:</div><div>Григорова Ольга (grigorova@inlinetelecom.ru)</div>","level":"info","message":"","timestamp":"2015-12-11T09:12:51.421Z"}
{"to":"kozl@inlinetelecom.ru","html":"<div>Вам предстоит осчастливить:</div><div>Бусыгин Антон (a.busygin@inlinetelecom.ru)</div>","level":"info","message":"","timestamp":"2015-12-11T09:12:51.421Z"}
{"to":"i.kareva@inlinetelecom.ru","html":"<div>Вам предстоит осчастливить:</div><div>Кущенко Елена (e.kuschenko@inlinetelecom.ru)</div>","level":"info","message":"","timestamp":"2015-12-11T09:12:51.421Z"}
{"to":"zhukarkin@inlinetelecom.ru","html":"<div>Вам предстоит осчастливить:</div><div>Роговцова Наталья (n.rogovtsova@inlinetelecom.ru)</div>","level":"info","message":"","timestamp":"2015-12-11T09:12:51.422Z"}
{"to":"nikiforov@inlinetelecom.ru","html":"<div>Вам предстоит осчастливить:</div><div>Колпин Алексей (a.kolpin@inlinetelecom.ru)</div>","level":"info","message":"","timestamp":"2015-12-11T09:12:51.422Z"}
{"to":"malashok.o@inlinetelecom.ru","html":"<div>Вам предстоит осчастливить:</div><div>Баранова Юлия (y.baranova@inlinetelecom.ru)</div>","level":"info","message":"","timestamp":"2015-12-11T09:12:51.422Z"}
{"to":"ma.makarova@inlinetelecom.ru","html":"<div>Вам предстоит осчастливить:</div><div>Малашок Ольга (malashok.o@inlinetelecom.ru)</div>","level":"info","message":"","timestamp":"2015-12-11T09:12:51.422Z"}
{"to":"n.rogovtsova@inlinetelecom.ru","html":"<div>Вам предстоит осчастливить:</div><div>Гушель Светлана (s.gushel@inlinetelecom.ru)</div>","level":"info","message":"","timestamp":"2015-12-11T09:12:51.423Z"}
{"to":"m.belokonova@inlinetelecom.ru","html":"<div>Вам предстоит осчастливить:</div><div>Нагретдинова Карина (karina@inlinetelecom.ru)</div>","level":"info","message":"","timestamp":"2015-12-11T09:12:51.423Z"}
{"to":"karina@inlinetelecom.ru","html":"<div>Вам предстоит осчастливить:</div><div>Сопова Анна (a.sopova@inlinetelecom.ru)</div>","level":"info","message":"","timestamp":"2015-12-11T09:12:51.423Z"}
{"to":"a.sopova@inlinetelecom.ru","html":"<div>Вам предстоит осчастливить:</div><div>Михалев Денис (d.mikhalev@inlinetelecom.ru)</div>","level":"info","message":"","timestamp":"2015-12-11T09:12:51.423Z"}
{"to":"a.sheleg@inlinetelecom.ru","html":"<div>Вам предстоит осчастливить:</div><div>Зорина Наталья (n.zorina@inlinetelecom.ru)</div>","level":"info","message":"","timestamp":"2015-12-11T09:12:51.423Z"}
{"to":"t.nerovnova@inlinetelecom.ru","html":"<div>Вам предстоит осчастливить:</div><div>Касьянов Андрей (a.kasyanov@inlinetelecom.ru)</div>","level":"info","message":"","timestamp":"2015-12-11T09:12:51.424Z"}
{"to":"u.ivanova@inlinetelecom.ru","html":"<div>Вам предстоит осчастливить:</div><div>Малых Юлия (j.malykh@inlinetelecom.ru)</div>","level":"info","message":"","timestamp":"2015-12-11T09:12:51.424Z"}
{"to":"grigorova@inlinetelecom.ru","html":"<div>Вам предстоит осчастливить:</div><div>Пруткой Андрей (prutkoy@inlinetelecom.ru)</div>","level":"info","message":"","timestamp":"2015-12-11T09:12:51.424Z"}
{"to":"e.mokhova@inlinetelecom.ru","html":"<div>Вам предстоит осчастливить:</div><div>Козлова Татьяна (kozl@inlinetelecom.ru)</div>","level":"info","message":"","timestamp":"2015-12-11T09:12:51.424Z"}
{"to":"a.dzhigkaeva@inlinetelecom.ru","html":"<div>Вам предстоит осчастливить:</div><div>Жукаркин Игорь (zhukarkin@inlinetelecom.ru)</div>","level":"info","message":"","timestamp":"2015-12-11T09:12:51.424Z"}
{"to":"t.nazarova@inlinetelecom.ru","html":"<div>Вам предстоит осчастливить:</div><div>Иванова Ульяна (u.ivanova@inlinetelecom.ru)</div>","level":"info","message":"","timestamp":"2015-12-11T09:12:51.425Z"}
{"to":"a.kholodkova@inlinetelecom.ru","html":"<div>Вам предстоит осчастливить:</div><div>Васильева Анна (a.vasilieva@inlinetelecom.ru)</div>","level":"info","message":"","timestamp":"2015-12-11T09:12:51.425Z"}
{"to":"m.kolokolova@inlinetelecom.ru","html":"<div>Вам предстоит осчастливить:</div><div>Федоров Александр (Владимирович) (av.fedorov@inlinetelecom.ru)</div>","level":"info","message":"","timestamp":"2015-12-11T09:12:51.425Z"}
{"to":"e.lizunova@inlinetelecom.ru","html":"<div>Вам предстоит осчастливить:</div><div>Шелег Анна (a.sheleg@inlinetelecom.ru)</div>","level":"info","message":"","timestamp":"2015-12-11T09:12:51.425Z"}
{"to":"a.busygin@inlinetelecom.ru","html":"<div>Вам предстоит осчастливить:</div><div>Карева Ирина (i.kareva@inlinetelecom.ru)</div>","level":"info","message":"","timestamp":"2015-12-11T09:12:51.425Z"}
{"to":"y.zlunikin@itgrp.ru","html":"<div>Вам предстоит осчастливить:</div><div>Никифоров Дмитрий (nikiforov@inlinetelecom.ru)</div>","level":"info","message":"","timestamp":"2015-12-11T09:12:51.426Z"}
{"to":"d.mikhalev@inlinetelecom.ru","html":"<div>Вам предстоит осчастливить:</div><div>Назарова Татьяна (t.nazarova@inlinetelecom.ru)</div>","level":"info","message":"","timestamp":"2015-12-11T09:12:51.426Z"}
{"to":"s.gushel@inlinetelecom.ru","html":"<div>Вам предстоит осчастливить:</div><div>Неровнова Татьяна (t.nerovnova@inlinetelecom.ru)</div>","level":"info","message":"","timestamp":"2015-12-11T09:12:51.426Z"}
{"to":"j.malykh@inlinetelecom.ru","html":"<div>Вам предстоит осчастливить:</div><div>Макарова Мария (ma.makarova@inlinetelecom.ru)</div>","level":"info","message":"","timestamp":"2015-12-11T09:12:51.426Z"}
{"to":"a.kolpin@inlinetelecom.ru","html":"<div>Вам предстоит осчастливить:</div><div>Мохова Екатерина (e.mokhova@inlinetelecom.ru)</div>","level":"info","message":"","timestamp":"2015-12-11T09:12:51.426Z"}
{"to":"av.fedorov@inlinetelecom.ru","html":"<div>Вам предстоит осчастливить:</div><div>Злуникин Юрий (y.zlunikin@itgrp.ru)</div>","level":"info","message":"","timestamp":"2015-12-11T09:12:51.427Z"}
{"to":"n.zorina@inlinetelecom.ru","html":"<div>Вам предстоит осчастливить:</div><div>Лизунова Елена (e.lizunova@inlinetelecom.ru)</div>","level":"info","message":"","timestamp":"2015-12-11T09:12:51.427Z"}
{"to":"a.vasilieva@inlinetelecom.ru","html":"<div>Вам предстоит осчастливить:</div><div>Джигкаева Анна (a.dzhigkaeva@inlinetelecom.ru)</div>","level":"info","message":"","timestamp":"2015-12-11T09:12:51.427Z"}
{"to":"y.baranova@inlinetelecom.ru","html":"<div>Вам предстоит осчастливить:</div><div>Петров Евгений (petrov@inlinetelecom.ru)</div>","level":"info","message":"","timestamp":"2015-12-11T09:12:51.427Z"}
{"to":"petrov@inlinetelecom.ru","html":"<div>Вам предстоит осчастливить:</div><div>Холодкова Анна (a.kholodkova@inlinetelecom.ru)</div>","level":"info","message":"","timestamp":"2015-12-11T09:12:51.427Z"}
{"to":"a.kasyanov@inlinetelecom.ru","html":"<div>Вам предстоит осчастливить:</div><div>Погорелова Мария (m.belokonova@inlinetelecom.ru)</div>","level":"info","message":"","timestamp":"2015-12-11T09:12:51.428Z"}
{"to":"e.kuschenko@inlinetelecom.ru","html":"<div>Вам предстоит осчастливить:</div><div>Мохова Екатерина (e.mokhova@inlinetelecom.ru)</div>","level":"info","message":"","timestamp":"2015-12-11T09:13:24.983Z"}
{"to":"prutkoy@inlinetelecom.ru","html":"<div>Вам предстоит осчастливить:</div><div>Роговцова Наталья (n.rogovtsova@inlinetelecom.ru)</div>","level":"info","message":"","timestamp":"2015-12-11T09:13:24.985Z"}
{"to":"kozl@inlinetelecom.ru","html":"<div>Вам предстоит осчастливить:</div><div>Назарова Татьяна (t.nazarova@inlinetelecom.ru)</div>","level":"info","message":"","timestamp":"2015-12-11T09:13:24.986Z"}
{"to":"i.kareva@inlinetelecom.ru","html":"<div>Вам предстоит осчастливить:</div><div>Бусыгин Антон (a.busygin@inlinetelecom.ru)</div>","level":"info","message":"","timestamp":"2015-12-11T09:13:24.986Z"}
{"to":"zhukarkin@inlinetelecom.ru","html":"<div>Вам предстоит осчастливить:</div><div>Шелег Анна (a.sheleg@inlinetelecom.ru)</div>","level":"info","message":"","timestamp":"2015-12-11T09:13:24.986Z"}
{"to":"nikiforov@inlinetelecom.ru","html":"<div>Вам предстоит осчастливить:</div><div>Джигкаева Анна (a.dzhigkaeva@inlinetelecom.ru)</div>","level":"info","message":"","timestamp":"2015-12-11T09:13:24.986Z"}
{"to":"malashok.o@inlinetelecom.ru","html":"<div>Вам предстоит осчастливить:</div><div>Макарова Мария (ma.makarova@inlinetelecom.ru)</div>","level":"info","message":"","timestamp":"2015-12-11T09:13:24.987Z"}
{"to":"ma.makarova@inlinetelecom.ru","html":"<div>Вам предстоит осчастливить:</div><div>Кущенко Елена (e.kuschenko@inlinetelecom.ru)</div>","level":"info","message":"","timestamp":"2015-12-11T09:13:24.987Z"}
{"to":"n.rogovtsova@inlinetelecom.ru","html":"<div>Вам предстоит осчастливить:</div><div>Погорелова Мария (m.belokonova@inlinetelecom.ru)</div>","level":"info","message":"","timestamp":"2015-12-11T09:13:24.987Z"}
{"to":"m.belokonova@inlinetelecom.ru","html":"<div>Вам предстоит осчастливить:</div><div>Касьянов Андрей (a.kasyanov@inlinetelecom.ru)</div>","level":"info","message":"","timestamp":"2015-12-11T09:13:24.987Z"}
{"to":"karina@inlinetelecom.ru","html":"<div>Вам предстоит осчастливить:</div><div>Жукаркин Игорь (zhukarkin@inlinetelecom.ru)</div>","level":"info","message":"","timestamp":"2015-12-11T09:13:24.987Z"}
{"to":"a.sopova@inlinetelecom.ru","html":"<div>Вам предстоит осчастливить:</div><div>Баранова Юлия (y.baranova@inlinetelecom.ru)</div>","level":"info","message":"","timestamp":"2015-12-11T09:13:24.988Z"}
{"to":"a.sheleg@inlinetelecom.ru","html":"<div>Вам предстоит осчастливить:</div><div>Петров Евгений (petrov@inlinetelecom.ru)</div>","level":"info","message":"","timestamp":"2015-12-11T09:13:24.988Z"}
{"to":"t.nerovnova@inlinetelecom.ru","html":"<div>Вам предстоит осчастливить:</div><div>Сопова Анна (a.sopova@inlinetelecom.ru)</div>","level":"info","message":"","timestamp":"2015-12-11T09:13:24.988Z"}
{"to":"u.ivanova@inlinetelecom.ru","html":"<div>Вам предстоит осчастливить:</div><div>Федоров Александр (Владимирович) (av.fedorov@inlinetelecom.ru)</div>","level":"info","message":"","timestamp":"2015-12-11T09:13:24.988Z"}
{"to":"grigorova@inlinetelecom.ru","html":"<div>Вам предстоит осчастливить:</div><div>Лизунова Елена (e.lizunova@inlinetelecom.ru)</div>","level":"info","message":"","timestamp":"2015-12-11T09:13:24.988Z"}
{"to":"e.mokhova@inlinetelecom.ru","html":"<div>Вам предстоит осчастливить:</div><div>Григорова Ольга (grigorova@inlinetelecom.ru)</div>","level":"info","message":"","timestamp":"2015-12-11T09:13:24.989Z"}
{"to":"a.dzhigkaeva@inlinetelecom.ru","html":"<div>Вам предстоит осчастливить:</div><div>Злуникин Юрий (y.zlunikin@itgrp.ru)</div>","level":"info","message":"","timestamp":"2015-12-11T09:13:24.989Z"}
{"to":"t.nazarova@inlinetelecom.ru","html":"<div>Вам предстоит осчастливить:</div><div>Малых Юлия (j.malykh@inlinetelecom.ru)</div>","level":"info","message":"","timestamp":"2015-12-11T09:13:24.989Z"}
{"to":"a.kholodkova@inlinetelecom.ru","html":"<div>Вам предстоит осчастливить:</div><div>Карева Ирина (i.kareva@inlinetelecom.ru)</div>","level":"info","message":"","timestamp":"2015-12-11T09:13:24.989Z"}
{"to":"m.kolokolova@inlinetelecom.ru","html":"<div>Вам предстоит осчастливить:</div><div>Козлова Татьяна (kozl@inlinetelecom.ru)</div>","level":"info","message":"","timestamp":"2015-12-11T09:13:24.990Z"}
{"to":"e.lizunova@inlinetelecom.ru","html":"<div>Вам предстоит осчастливить:</div><div>Нагретдинова Карина (karina@inlinetelecom.ru)</div>","level":"info","message":"","timestamp":"2015-12-11T09:13:24.990Z"}
{"to":"a.busygin@inlinetelecom.ru","html":"<div>Вам предстоит осчастливить:</div><div>Малашок Ольга (malashok.o@inlinetelecom.ru)</div>","level":"info","message":"","timestamp":"2015-12-11T09:13:24.990Z"}
{"to":"y.zlunikin@itgrp.ru","html":"<div>Вам предстоит осчастливить:</div><div>Неровнова Татьяна (t.nerovnova@inlinetelecom.ru)</div>","level":"info","message":"","timestamp":"2015-12-11T09:13:24.990Z"}
{"to":"d.mikhalev@inlinetelecom.ru","html":"<div>Вам предстоит осчастливить:</div><div>Гушель Светлана (s.gushel@inlinetelecom.ru)</div>","level":"info","message":"","timestamp":"2015-12-11T09:13:24.990Z"}
{"to":"s.gushel@inlinetelecom.ru","html":"<div>Вам предстоит осчастливить:</div><div>Никифоров Дмитрий (nikiforov@inlinetelecom.ru)</div>","level":"info","message":"","timestamp":"2015-12-11T09:13:24.991Z"}
{"to":"j.malykh@inlinetelecom.ru","html":"<div>Вам предстоит осчастливить:</div><div>Зорина Наталья (n.zorina@inlinetelecom.ru)</div>","level":"info","message":"","timestamp":"2015-12-11T09:13:24.991Z"}
{"to":"a.kolpin@inlinetelecom.ru","html":"<div>Вам предстоит осчастливить:</div><div>Иванова Ульяна (u.ivanova@inlinetelecom.ru)</div>","level":"info","message":"","timestamp":"2015-12-11T09:13:24.991Z"}
{"to":"av.fedorov@inlinetelecom.ru","html":"<div>Вам предстоит осчастливить:</div><div>Колоколова Мария (m.kolokolova@inlinetelecom.ru)</div>","level":"info","message":"","timestamp":"2015-12-11T09:13:24.991Z"}
{"to":"n.zorina@inlinetelecom.ru","html":"<div>Вам предстоит осчастливить:</div><div>Васильева Анна (a.vasilieva@inlinetelecom.ru)</div>","level":"info","message":"","timestamp":"2015-12-11T09:13:24.991Z"}
{"to":"a.vasilieva@inlinetelecom.ru","html":"<div>Вам предстоит осчастливить:</div><div>Колпин Алексей (a.kolpin@inlinetelecom.ru)</div>","level":"info","message":"","timestamp":"2015-12-11T09:13:24.991Z"}
{"to":"y.baranova@inlinetelecom.ru","html":"<div>Вам предстоит осчастливить:</div><div>Михалев Денис (d.mikhalev@inlinetelecom.ru)</div>","level":"info","message":"","timestamp":"2015-12-11T09:13:24.992Z"}
{"to":"petrov@inlinetelecom.ru","html":"<div>Вам предстоит осчастливить:</div><div>Пруткой Андрей (prutkoy@inlinetelecom.ru)</div>","level":"info","message":"","timestamp":"2015-12-11T09:13:24.992Z"}
{"to":"a.kasyanov@inlinetelecom.ru","html":"<div>Вам предстоит осчастливить:</div><div>Холодкова Анна (a.kholodkova@inlinetelecom.ru)</div>","level":"info","message":"","timestamp":"2015-12-11T09:13:24.992Z"}
{"level":"error","timestamp":"2015-12-11T10:23:26.367Z"}
{"level":"error","timestamp":"2015-12-11T10:23:26.378Z"}
{"level":"error","timestamp":"2015-12-11T10:23:26.379Z"}
{"level":"error","timestamp":"2015-12-11T10:23:26.379Z"}
{"level":"error","timestamp":"2015-12-11T10:23:26.380Z"}
{"level":"error","timestamp":"2015-12-11T10:23:26.380Z"}
{"level":"error","timestamp":"2015-12-11T10:23:26.381Z"}
{"level":"error","timestamp":"2015-12-11T10:23:26.382Z"}
{"level":"error","timestamp":"2015-12-11T10:23:26.382Z"}
{"level":"error","timestamp":"2015-12-11T10:23:26.382Z"}
{"level":"error","timestamp":"2015-12-11T10:23:26.383Z"}
{"level":"error","timestamp":"2015-12-11T10:23:26.383Z"}
{"level":"error","timestamp":"2015-12-11T10:23:26.384Z"}
{"level":"error","timestamp":"2015-12-11T10:23:26.384Z"}
{"level":"error","timestamp":"2015-12-11T10:23:26.385Z"}
{"level":"error","timestamp":"2015-12-11T10:23:26.385Z"}
{"level":"error","timestamp":"2015-12-11T10:23:26.385Z"}
{"level":"error","timestamp":"2015-12-11T10:23:26.386Z"}
{"level":"error","timestamp":"2015-12-11T10:23:26.387Z"}
{"level":"error","timestamp":"2015-12-11T10:23:26.387Z"}
{"level":"error","timestamp":"2015-12-11T10:23:26.388Z"}
{"level":"error","timestamp":"2015-12-11T10:23:26.388Z"}
{"level":"error","timestamp":"2015-12-11T10:23:26.389Z"}
{"level":"error","timestamp":"2015-12-11T10:23:26.389Z"}
{"level":"error","timestamp":"2015-12-11T10:23:26.390Z"}
{"level":"error","timestamp":"2015-12-11T10:23:26.390Z"}
{"level":"error","timestamp":"2015-12-11T10:23:26.391Z"}
{"level":"error","timestamp":"2015-12-11T10:23:26.391Z"}
{"level":"error","timestamp":"2015-12-11T10:23:26.392Z"}
{"level":"error","timestamp":"2015-12-11T10:23:26.392Z"}
{"level":"error","timestamp":"2015-12-11T10:23:26.393Z"}
{"level":"error","timestamp":"2015-12-11T10:23:26.393Z"}
{"level":"error","timestamp":"2015-12-11T10:23:26.393Z"}
{"level":"error","timestamp":"2015-12-11T10:23:26.394Z"}
{"level":"error","timestamp":"2015-12-11T10:23:29.379Z"}
{"level":"error","timestamp":"2015-12-11T10:23:29.380Z"}
{"level":"error","timestamp":"2015-12-11T10:23:29.381Z"}
{"level":"error","timestamp":"2015-12-11T10:23:29.383Z"}
{"level":"error","timestamp":"2015-12-11T10:23:29.384Z"}
{"level":"error","timestamp":"2015-12-11T10:23:29.384Z"}
{"level":"error","timestamp":"2015-12-11T10:23:29.384Z"}
{"level":"error","timestamp":"2015-12-11T10:23:29.385Z"}
{"level":"error","timestamp":"2015-12-11T10:23:29.385Z"}
{"level":"error","timestamp":"2015-12-11T10:23:29.386Z"}
{"level":"error","timestamp":"2015-12-11T10:23:29.386Z"}
{"level":"error","timestamp":"2015-12-11T10:23:29.387Z"}
{"level":"error","timestamp":"2015-12-11T10:23:29.390Z"}
{"level":"error","timestamp":"2015-12-11T10:23:29.390Z"}
{"level":"error","timestamp":"2015-12-11T10:23:29.391Z"}
{"level":"error","timestamp":"2015-12-11T10:23:29.391Z"}
{"level":"error","timestamp":"2015-12-11T10:23:29.392Z"}
{"level":"error","timestamp":"2015-12-11T10:23:29.399Z"}
{"level":"error","timestamp":"2015-12-11T10:23:29.399Z"}
{"level":"error","timestamp":"2015-12-11T10:23:29.399Z"}
{"level":"error","timestamp":"2015-12-11T10:23:29.400Z"}
{"level":"error","timestamp":"2015-12-11T10:23:29.400Z"}
{"level":"error","timestamp":"2015-12-11T10:23:29.400Z"}
{"level":"error","timestamp":"2015-12-11T10:23:29.401Z"}
{"level":"error","timestamp":"2015-12-11T10:23:29.403Z"}
{"level":"error","timestamp":"2015-12-11T10:23:29.403Z"}
{"level":"error","timestamp":"2015-12-11T10:23:29.403Z"}
{"level":"error","timestamp":"2015-12-11T10:23:29.404Z"}
{"level":"error","timestamp":"2015-12-11T10:23:29.404Z"}
{"level":"error","timestamp":"2015-12-11T10:23:29.404Z"}
{"level":"error","timestamp":"2015-12-11T10:23:29.405Z"}
{"level":"error","timestamp":"2015-12-11T10:23:29.405Z"}
{"level":"error","timestamp":"2015-12-11T10:23:29.407Z"}
{"level":"error","timestamp":"2015-12-11T10:23:29.407Z"}
{"code":"EENVELOPE","response":"550 5.7.1 Relaying denied","responseCode":550,"level":"error","timestamp":"2015-12-11T10:24:29.558Z"}
{"code":"EENVELOPE","response":"550 5.7.1 Relaying denied","responseCode":550,"level":"error","timestamp":"2015-12-11T10:24:29.564Z"}
{"code":"EENVELOPE","response":"550 5.7.1 Relaying denied","responseCode":550,"level":"error","timestamp":"2015-12-11T10:24:29.565Z"}
{"code":"EENVELOPE","response":"550 5.7.1 Relaying denied","responseCode":550,"level":"error","timestamp":"2015-12-11T10:24:29.573Z"}
{"code":"EENVELOPE","response":"550 5.7.1 Relaying denied","responseCode":550,"level":"error","timestamp":"2015-12-11T10:24:29.576Z"}
{"code":"EENVELOPE","response":"550 5.7.1 Relaying denied","responseCode":550,"level":"error","timestamp":"2015-12-11T10:24:29.578Z"}
{"code":"EENVELOPE","response":"550 5.7.1 Relaying denied","responseCode":550,"level":"error","timestamp":"2015-12-11T10:24:29.590Z"}
{"code":"EENVELOPE","response":"550 5.7.1 Relaying denied","responseCode":550,"level":"error","timestamp":"2015-12-11T10:24:29.591Z"}
{"code":"EENVELOPE","response":"550 5.7.1 Relaying denied","responseCode":550,"level":"error","timestamp":"2015-12-11T10:24:29.601Z"}
{"code":"EENVELOPE","response":"550 5.7.1 Relaying denied","responseCode":550,"level":"error","timestamp":"2015-12-11T10:24:29.604Z"}
{"code":"EENVELOPE","response":"550 5.7.1 Relaying denied","responseCode":550,"level":"error","timestamp":"2015-12-11T10:24:29.607Z"}
{"code":"EENVELOPE","response":"550 5.7.1 Relaying denied","responseCode":550,"level":"error","timestamp":"2015-12-11T10:24:29.608Z"}
{"code":"EENVELOPE","response":"550 5.7.1 Relaying denied","responseCode":550,"level":"error","timestamp":"2015-12-11T10:24:29.622Z"}
{"code":"EENVELOPE","response":"550 5.7.1 Relaying denied","responseCode":550,"level":"error","timestamp":"2015-12-11T10:24:29.627Z"}
{"code":"EENVELOPE","response":"550 5.7.1 Relaying denied","responseCode":550,"level":"error","timestamp":"2015-12-11T10:24:29.629Z"}
{"code":"EENVELOPE","response":"550 5.7.1 Relaying denied","responseCode":550,"level":"error","timestamp":"2015-12-11T10:24:29.636Z"}
{"code":"EENVELOPE","response":"550 5.7.1 Relaying denied","responseCode":550,"level":"error","timestamp":"2015-12-11T10:24:29.638Z"}
{"code":"EENVELOPE","response":"550 5.7.1 Relaying denied","responseCode":550,"level":"error","timestamp":"2015-12-11T10:24:29.641Z"}
{"code":"EENVELOPE","response":"550 5.7.1 Relaying denied","responseCode":550,"level":"error","timestamp":"2015-12-11T10:24:29.657Z"}
{"code":"EENVELOPE","response":"550 5.7.1 Relaying denied","responseCode":550,"level":"error","timestamp":"2015-12-11T10:24:29.659Z"}
{"code":"EENVELOPE","response":"550 5.7.1 Relaying denied","responseCode":550,"level":"error","timestamp":"2015-12-11T10:24:29.662Z"}
{"code":"EENVELOPE","response":"550 5.7.1 Relaying denied","responseCode":550,"level":"error","timestamp":"2015-12-11T10:24:29.675Z"}
{"code":"EENVELOPE","response":"550 5.7.1 Relaying denied","responseCode":550,"level":"error","timestamp":"2015-12-11T10:24:29.678Z"}
{"code":"EENVELOPE","response":"550 5.7.1 Relaying denied","responseCode":550,"level":"error","timestamp":"2015-12-11T10:24:29.690Z"}
{"code":"EENVELOPE","response":"550 5.7.1 Relaying denied","responseCode":550,"level":"error","timestamp":"2015-12-11T10:24:29.694Z"}
{"code":"EENVELOPE","response":"550 5.7.1 Relaying denied","responseCode":550,"level":"error","timestamp":"2015-12-11T10:24:29.711Z"}
{"code":"EENVELOPE","response":"550 5.7.1 Relaying denied","responseCode":550,"level":"error","timestamp":"2015-12-11T10:24:29.712Z"}
{"code":"EENVELOPE","response":"550 5.7.1 Relaying denied","responseCode":550,"level":"error","timestamp":"2015-12-11T10:24:29.741Z"}
{"code":"EENVELOPE","response":"550 5.7.1 Relaying denied","responseCode":550,"level":"error","timestamp":"2015-12-11T10:24:29.757Z"}
{"code":"EENVELOPE","response":"550 5.7.1 Relaying denied","responseCode":550,"level":"error","timestamp":"2015-12-11T10:24:29.911Z"}
{"code":"EENVELOPE","response":"550 5.7.1 Relaying denied","responseCode":550,"level":"error","timestamp":"2015-12-11T10:24:30.132Z"}
{"code":"EENVELOPE","response":"550 5.7.1 Relaying denied","responseCode":550,"level":"error","timestamp":"2015-12-11T10:24:30.210Z"}
{"code":"EENVELOPE","response":"550 5.7.1 Relaying denied","responseCode":550,"level":"error","timestamp":"2015-12-11T10:24:30.220Z"}
{"code":"EENVELOPE","response":"550 5.7.1 Relaying denied","responseCode":550,"level":"error","timestamp":"2015-12-11T10:24:30.417Z"}
{"code":"EENVELOPE","response":"550 5.7.1 Relaying denied","responseCode":550,"level":"error","timestamp":"2015-12-11T10:24:33.711Z"}
{"code":"EENVELOPE","response":"550 5.7.1 Relaying denied","responseCode":550,"level":"error","timestamp":"2015-12-11T10:24:33.742Z"}
{"code":"EENVELOPE","response":"550 5.7.1 Relaying denied","responseCode":550,"level":"error","timestamp":"2015-12-11T10:24:33.743Z"}
{"code":"EENVELOPE","response":"550 5.7.1 Relaying denied","responseCode":550,"level":"error","timestamp":"2015-12-11T10:24:33.758Z"}
{"code":"EENVELOPE","response":"550 5.7.1 Relaying denied","responseCode":550,"level":"error","timestamp":"2015-12-11T10:24:33.774Z"}
{"code":"EENVELOPE","response":"550 5.7.1 Relaying denied","responseCode":550,"level":"error","timestamp":"2015-12-11T10:24:33.775Z"}
{"code":"EENVELOPE","response":"550 5.7.1 Relaying denied","responseCode":550,"level":"error","timestamp":"2015-12-11T10:24:33.776Z"}
{"code":"EENVELOPE","response":"550 5.7.1 Relaying denied","responseCode":550,"level":"error","timestamp":"2015-12-11T10:24:33.812Z"}
{"code":"EENVELOPE","response":"550 5.7.1 Relaying denied","responseCode":550,"level":"error","timestamp":"2015-12-11T10:24:33.814Z"}
{"code":"EENVELOPE","response":"550 5.7.1 Relaying denied","responseCode":550,"level":"error","timestamp":"2015-12-11T10:24:33.817Z"}
{"code":"EENVELOPE","response":"550 5.7.1 Relaying denied","responseCode":550,"level":"error","timestamp":"2015-12-11T10:24:33.829Z"}
{"code":"EENVELOPE","response":"550 5.7.1 Relaying denied","responseCode":550,"level":"error","timestamp":"2015-12-11T10:24:33.835Z"}
{"code":"EENVELOPE","response":"550 5.7.1 Relaying denied","responseCode":550,"level":"error","timestamp":"2015-12-11T10:24:33.837Z"}
{"code":"EENVELOPE","response":"550 5.7.1 Relaying denied","responseCode":550,"level":"error","timestamp":"2015-12-11T10:24:33.856Z"}
{"code":"EENVELOPE","response":"550 5.7.1 Relaying denied","responseCode":550,"level":"error","timestamp":"2015-12-11T10:24:33.857Z"}
{"code":"EENVELOPE","response":"550 5.7.1 Relaying denied","responseCode":550,"level":"error","timestamp":"2015-12-11T10:24:33.875Z"}
{"code":"EENVELOPE","response":"550 5.7.1 Relaying denied","responseCode":550,"level":"error","timestamp":"2015-12-11T10:24:33.879Z"}
{"code":"EENVELOPE","response":"550 5.7.1 Relaying denied","responseCode":550,"level":"error","timestamp":"2015-12-11T10:24:33.879Z"}
{"code":"EENVELOPE","response":"550 5.7.1 Relaying denied","responseCode":550,"level":"error","timestamp":"2015-12-11T10:24:33.886Z"}
{"code":"EENVELOPE","response":"550 5.7.1 Relaying denied","responseCode":550,"level":"error","timestamp":"2015-12-11T10:24:33.897Z"}
{"code":"EENVELOPE","response":"550 5.7.1 Relaying denied","responseCode":550,"level":"error","timestamp":"2015-12-11T10:24:33.904Z"}
{"code":"EENVELOPE","response":"550 5.7.1 Relaying denied","responseCode":550,"level":"error","timestamp":"2015-12-11T10:24:33.910Z"}
{"code":"EENVELOPE","response":"550 5.7.1 Relaying denied","responseCode":550,"level":"error","timestamp":"2015-12-11T10:24:33.913Z"}
{"code":"EENVELOPE","response":"550 5.7.1 Relaying denied","responseCode":550,"level":"error","timestamp":"2015-12-11T10:24:33.918Z"}
{"code":"EENVELOPE","response":"550 5.7.1 Relaying denied","responseCode":550,"level":"error","timestamp":"2015-12-11T10:24:33.924Z"}
{"code":"EENVELOPE","response":"550 5.7.1 Relaying denied","responseCode":550,"level":"error","timestamp":"2015-12-11T10:24:33.946Z"}
{"code":"EENVELOPE","response":"550 5.7.1 Relaying denied","responseCode":550,"level":"error","timestamp":"2015-12-11T10:24:33.960Z"}
{"code":"EENVELOPE","response":"550 5.7.1 Relaying denied","responseCode":550,"level":"error","timestamp":"2015-12-11T10:24:34.106Z"}
{"code":"EENVELOPE","response":"550 5.7.1 Relaying denied","responseCode":550,"level":"error","timestamp":"2015-12-11T10:24:34.140Z"}
{"code":"EENVELOPE","response":"550 5.7.1 Relaying denied","responseCode":550,"level":"error","timestamp":"2015-12-11T10:24:34.339Z"}
{"code":"EENVELOPE","response":"550 5.7.1 Relaying denied","responseCode":550,"level":"error","timestamp":"2015-12-11T10:24:34.353Z"}
{"code":"EENVELOPE","response":"550 5.7.1 Relaying denied","responseCode":550,"level":"error","timestamp":"2015-12-11T10:24:34.434Z"}
{"code":"EENVELOPE","response":"550 5.7.1 Relaying denied","responseCode":550,"level":"error","timestamp":"2015-12-11T10:24:34.457Z"}
{"code":"EENVELOPE","response":"550 5.7.1 Relaying denied","responseCode":550,"level":"error","timestamp":"2015-12-11T10:24:34.610Z"}
{"code":"EENVELOPE","response":"550 5.7.1 Relaying denied","responseCode":550,"level":"error","timestamp":"2015-12-11T10:24:37.871Z"}
{"code":"EAUTH","response":"535 5.7.0 Mailgun is not loving your login or password","responseCode":535,"level":"error","timestamp":"2015-12-11T10:25:41.931Z"}
{"code":"EAUTH","response":"535 5.7.0 Mailgun is not loving your login or password","responseCode":535,"level":"error","timestamp":"2015-12-11T10:25:41.936Z"}
{"code":"EAUTH","response":"535 5.7.0 Mailgun is not loving your login or password","responseCode":535,"level":"error","timestamp":"2015-12-11T10:25:41.942Z"}
{"code":"EAUTH","response":"535 5.7.0 Mailgun is not loving your login or password","responseCode":535,"level":"error","timestamp":"2015-12-11T10:25:41.952Z"}
{"code":"EAUTH","response":"535 5.7.0 Mailgun is not loving your login or password","responseCode":535,"level":"error","timestamp":"2015-12-11T10:25:41.956Z"}
{"code":"EAUTH","response":"535 5.7.0 Mailgun is not loving your login or password","responseCode":535,"level":"error","timestamp":"2015-12-11T10:25:41.959Z"}
{"code":"EAUTH","response":"535 5.7.0 Mailgun is not loving your login or password","responseCode":535,"level":"error","timestamp":"2015-12-11T10:25:41.967Z"}
{"code":"EAUTH","response":"535 5.7.0 Mailgun is not loving your login or password","responseCode":535,"level":"error","timestamp":"2015-12-11T10:25:41.970Z"}
{"code":"EAUTH","response":"535 5.7.0 Mailgun is not loving your login or password","responseCode":535,"level":"error","timestamp":"2015-12-11T10:25:41.983Z"}
{"code":"EAUTH","response":"535 5.7.0 Mailgun is not loving your login or password","responseCode":535,"level":"error","timestamp":"2015-12-11T10:25:41.992Z"}
{"code":"EAUTH","response":"535 5.7.0 Mailgun is not loving your login or password","responseCode":535,"level":"error","timestamp":"2015-12-11T10:25:41.993Z"}
{"code":"EAUTH","response":"535 5.7.0 Mailgun is not loving your login or password","responseCode":535,"level":"error","timestamp":"2015-12-11T10:25:41.994Z"}
{"code":"EAUTH","response":"535 5.7.0 Mailgun is not loving your login or password","responseCode":535,"level":"error","timestamp":"2015-12-11T10:25:42.000Z"}
{"code":"EAUTH","response":"535 5.7.0 Mailgun is not loving your login or password","responseCode":535,"level":"error","timestamp":"2015-12-11T10:25:42.001Z"}
{"code":"EAUTH","response":"535 5.7.0 Mailgun is not loving your login or password","responseCode":535,"level":"error","timestamp":"2015-12-11T10:25:42.011Z"}
{"code":"EAUTH","response":"535 5.7.0 Mailgun is not loving your login or password","responseCode":535,"level":"error","timestamp":"2015-12-11T10:25:42.023Z"}
{"code":"EAUTH","response":"535 5.7.0 Mailgun is not loving your login or password","responseCode":535,"level":"error","timestamp":"2015-12-11T10:25:42.033Z"}
{"code":"EAUTH","response":"535 5.7.0 Mailgun is not loving your login or password","responseCode":535,"level":"error","timestamp":"2015-12-11T10:25:42.035Z"}
{"code":"EAUTH","response":"535 5.7.0 Mailgun is not loving your login or password","responseCode":535,"level":"error","timestamp":"2015-12-11T10:25:42.054Z"}
{"code":"EAUTH","response":"535 5.7.0 Mailgun is not loving your login or password","responseCode":535,"level":"error","timestamp":"2015-12-11T10:25:42.318Z"}
{"code":"EAUTH","response":"535 5.7.0 Mailgun is not loving your login or password","responseCode":535,"level":"error","timestamp":"2015-12-11T10:25:42.337Z"}
{"code":"EAUTH","response":"535 5.7.0 Mailgun is not loving your login or password","responseCode":535,"level":"error","timestamp":"2015-12-11T10:25:42.338Z"}
{"code":"EAUTH","response":"535 5.7.0 Mailgun is not loving your login or password","responseCode":535,"level":"error","timestamp":"2015-12-11T10:25:42.405Z"}
{"code":"EAUTH","response":"535 5.7.0 Mailgun is not loving your login or password","responseCode":535,"level":"error","timestamp":"2015-12-11T10:25:42.426Z"}
{"code":"EAUTH","response":"535 5.7.0 Mailgun is not loving your login or password","responseCode":535,"level":"error","timestamp":"2015-12-11T10:25:42.448Z"}
{"code":"EAUTH","response":"535 5.7.0 Mailgun is not loving your login or password","responseCode":535,"level":"error","timestamp":"2015-12-11T10:25:42.639Z"}
{"code":"EAUTH","response":"535 5.7.0 Mailgun is not loving your login or password","responseCode":535,"level":"error","timestamp":"2015-12-11T10:25:42.649Z"}
{"code":"EAUTH","response":"535 5.7.0 Mailgun is not loving your login or password","responseCode":535,"level":"error","timestamp":"2015-12-11T10:25:42.654Z"}
{"code":"EAUTH","response":"535 5.7.0 Mailgun is not loving your login or password","responseCode":535,"level":"error","timestamp":"2015-12-11T10:25:42.660Z"}
{"code":"EAUTH","response":"535 5.7.0 Mailgun is not loving your login or password","responseCode":535,"level":"error","timestamp":"2015-12-11T10:25:42.709Z"}
{"code":"EAUTH","response":"535 5.7.0 Mailgun is not loving your login or password","responseCode":535,"level":"error","timestamp":"2015-12-11T10:25:42.714Z"}
{"code":"EAUTH","response":"535 5.7.0 Mailgun is not loving your login or password","responseCode":535,"level":"error","timestamp":"2015-12-11T10:25:42.720Z"}
{"code":"EAUTH","response":"535 5.7.0 Mailgun is not loving your login or password","responseCode":535,"level":"error","timestamp":"2015-12-11T10:25:42.773Z"}
{"code":"EAUTH","response":"535 5.7.0 Mailgun is not loving your login or password","responseCode":535,"level":"error","timestamp":"2015-12-11T10:25:42.788Z"}
{"statusCode":404,"level":"error","timestamp":"2015-12-11T10:27:16.319Z"}
{"statusCode":404,"level":"error","timestamp":"2015-12-11T10:27:16.323Z"}
{"statusCode":404,"level":"error","timestamp":"2015-12-11T10:27:16.326Z"}
{"statusCode":404,"level":"error","timestamp":"2015-12-11T10:27:16.327Z"}
{"statusCode":404,"level":"error","timestamp":"2015-12-11T10:27:16.329Z"}
{"statusCode":404,"level":"error","timestamp":"2015-12-11T10:27:16.337Z"}
{"statusCode":404,"level":"error","timestamp":"2015-12-11T10:27:16.341Z"}
{"statusCode":404,"level":"error","timestamp":"2015-12-11T10:27:16.342Z"}
{"statusCode":404,"level":"error","timestamp":"2015-12-11T10:27:16.352Z"}
{"statusCode":404,"level":"error","timestamp":"2015-12-11T10:27:16.353Z"}
{"statusCode":404,"level":"error","timestamp":"2015-12-11T10:27:16.356Z"}
{"statusCode":404,"level":"error","timestamp":"2015-12-11T10:27:16.364Z"}
{"statusCode":404,"level":"error","timestamp":"2015-12-11T10:27:16.365Z"}
{"statusCode":404,"level":"error","timestamp":"2015-12-11T10:27:16.370Z"}
{"statusCode":404,"level":"error","timestamp":"2015-12-11T10:27:16.381Z"}
{"statusCode":404,"level":"error","timestamp":"2015-12-11T10:27:16.382Z"}
{"statusCode":404,"level":"error","timestamp":"2015-12-11T10:27:16.385Z"}
{"statusCode":404,"level":"error","timestamp":"2015-12-11T10:27:16.392Z"}
{"statusCode":404,"level":"error","timestamp":"2015-12-11T10:27:16.398Z"}
{"statusCode":404,"level":"error","timestamp":"2015-12-11T10:27:16.401Z"}
{"statusCode":404,"level":"error","timestamp":"2015-12-11T10:27:16.408Z"}
{"statusCode":404,"level":"error","timestamp":"2015-12-11T10:27:16.410Z"}
{"statusCode":404,"level":"error","timestamp":"2015-12-11T10:27:16.411Z"}
{"statusCode":404,"level":"error","timestamp":"2015-12-11T10:27:16.419Z"}
{"statusCode":404,"level":"error","timestamp":"2015-12-11T10:27:16.426Z"}
{"statusCode":404,"level":"error","timestamp":"2015-12-11T10:27:16.441Z"}
{"statusCode":404,"level":"error","timestamp":"2015-12-11T10:27:16.444Z"}
{"statusCode":404,"level":"error","timestamp":"2015-12-11T10:27:16.450Z"}
{"statusCode":404,"level":"error","timestamp":"2015-12-11T10:27:16.458Z"}
{"statusCode":404,"level":"error","timestamp":"2015-12-11T10:27:16.471Z"}
{"statusCode":404,"level":"error","timestamp":"2015-12-11T10:27:16.489Z"}
{"statusCode":404,"level":"error","timestamp":"2015-12-11T10:27:17.050Z"}
{"statusCode":404,"level":"error","timestamp":"2015-12-11T10:27:17.055Z"}
{"statusCode":404,"level":"error","timestamp":"2015-12-11T10:27:17.068Z"}
{"statusCode":404,"level":"error","timestamp":"2015-12-11T10:27:19.982Z"}
{"statusCode":404,"level":"error","timestamp":"2015-12-11T10:27:19.992Z"}
{"statusCode":404,"level":"error","timestamp":"2015-12-11T10:27:20.000Z"}
{"statusCode":404,"level":"error","timestamp":"2015-12-11T10:27:20.003Z"}
{"statusCode":404,"level":"error","timestamp":"2015-12-11T10:27:20.020Z"}
{"statusCode":404,"level":"error","timestamp":"2015-12-11T10:27:20.028Z"}
{"statusCode":404,"level":"error","timestamp":"2015-12-11T10:27:20.031Z"}
{"statusCode":404,"level":"error","timestamp":"2015-12-11T10:27:20.035Z"}
{"statusCode":404,"level":"error","timestamp":"2015-12-11T10:27:20.048Z"}
{"statusCode":404,"level":"error","timestamp":"2015-12-11T10:27:20.059Z"}
{"statusCode":404,"level":"error","timestamp":"2015-12-11T10:27:20.060Z"}
{"statusCode":404,"level":"error","timestamp":"2015-12-11T10:27:20.061Z"}
{"statusCode":404,"level":"error","timestamp":"2015-12-11T10:27:20.066Z"}
{"statusCode":404,"level":"error","timestamp":"2015-12-11T10:27:20.075Z"}
{"statusCode":404,"level":"error","timestamp":"2015-12-11T10:27:20.086Z"}
{"statusCode":404,"level":"error","timestamp":"2015-12-11T10:27:20.091Z"}
{"statusCode":404,"level":"error","timestamp":"2015-12-11T10:27:20.094Z"}
{"statusCode":404,"level":"error","timestamp":"2015-12-11T10:27:20.097Z"}
{"statusCode":404,"level":"error","timestamp":"2015-12-11T10:27:20.104Z"}
{"statusCode":404,"level":"error","timestamp":"2015-12-11T10:27:20.106Z"}
{"statusCode":404,"level":"error","timestamp":"2015-12-11T10:27:20.113Z"}
{"statusCode":404,"level":"error","timestamp":"2015-12-11T10:27:20.127Z"}
{"statusCode":404,"level":"error","timestamp":"2015-12-11T10:27:20.140Z"}
{"statusCode":404,"level":"error","timestamp":"2015-12-11T10:27:20.163Z"}
{"statusCode":404,"level":"error","timestamp":"2015-12-11T10:27:20.166Z"}
{"statusCode":404,"level":"error","timestamp":"2015-12-11T10:27:20.413Z"}
{"statusCode":404,"level":"error","timestamp":"2015-12-11T10:27:20.512Z"}
{"statusCode":404,"level":"error","timestamp":"2015-12-11T10:27:20.516Z"}
{"statusCode":404,"level":"error","timestamp":"2015-12-11T10:27:20.565Z"}
{"statusCode":404,"level":"error","timestamp":"2015-12-11T10:27:20.725Z"}
{"level":"info","message":"Message sent: ","timestamp":"2015-12-11T10:28:42.426Z"}
{"id":"<20151211102842.26605.96589@sandbox991.mailgun.org>","message":"Queued. Thank you.","level":"info","timestamp":"2015-12-11T10:28:42.429Z"}
{"level":"info","message":"Message sent: ","timestamp":"2015-12-11T10:28:42.434Z"}
{"id":"<20151211102842.90193.23280@sandbox991.mailgun.org>","message":"Queued. Thank you.","level":"info","timestamp":"2015-12-11T10:28:42.434Z"}
{"level":"info","message":"Message sent: ","timestamp":"2015-12-11T10:28:42.435Z"}
{"id":"<20151211102842.90213.25157@sandbox991.mailgun.org>","message":"Queued. Thank you.","level":"info","timestamp":"2015-12-11T10:28:42.435Z"}
{"level":"info","message":"Message sent: ","timestamp":"2015-12-11T10:28:42.441Z"}
{"id":"<20151211102842.26597.63974@sandbox991.mailgun.org>","message":"Queued. Thank you.","level":"info","timestamp":"2015-12-11T10:28:42.441Z"}
{"level":"info","message":"Message sent: ","timestamp":"2015-12-11T10:28:42.442Z"}
{"id":"<20151211102842.98338.94636@sandbox991.mailgun.org>","message":"Queued. Thank you.","level":"info","timestamp":"2015-12-11T10:28:42.442Z"}
{"level":"info","message":"Message sent: ","timestamp":"2015-12-11T10:28:42.444Z"}
{"id":"<20151211102842.26620.39329@sandbox991.mailgun.org>","message":"Queued. Thank you.","level":"info","timestamp":"2015-12-11T10:28:42.444Z"}
{"level":"info","message":"Message sent: ","timestamp":"2015-12-11T10:28:42.445Z"}
{"id":"<20151211102842.26610.2456@sandbox991.mailgun.org>","message":"Queued. Thank you.","level":"info","timestamp":"2015-12-11T10:28:42.445Z"}
{"level":"info","message":"Message sent: ","timestamp":"2015-12-11T10:28:42.454Z"}
{"id":"<20151211102842.90201.72523@sandbox991.mailgun.org>","message":"Queued. Thank you.","level":"info","timestamp":"2015-12-11T10:28:42.454Z"}
{"level":"info","message":"Message sent: ","timestamp":"2015-12-11T10:28:42.470Z"}
{"id":"<20151211102842.90199.88281@sandbox991.mailgun.org>","message":"Queued. Thank you.","level":"info","timestamp":"2015-12-11T10:28:42.471Z"}
{"level":"info","message":"Message sent: ","timestamp":"2015-12-11T10:28:42.476Z"}
{"id":"<20151211102842.16232.13326@sandbox991.mailgun.org>","message":"Queued. Thank you.","level":"info","timestamp":"2015-12-11T10:28:42.487Z"}
{"level":"info","message":"Message sent: ","timestamp":"2015-12-11T10:28:42.488Z"}
{"id":"<20151211102842.90209.66944@sandbox991.mailgun.org>","message":"Queued. Thank you.","level":"info","timestamp":"2015-12-11T10:28:42.488Z"}
{"level":"info","message":"Message sent: ","timestamp":"2015-12-11T10:28:42.488Z"}
{"id":"<20151211102842.90195.44644@sandbox991.mailgun.org>","message":"Queued. Thank you.","level":"info","timestamp":"2015-12-11T10:28:42.489Z"}
{"level":"info","message":"Message sent: ","timestamp":"2015-12-11T10:28:42.490Z"}
{"id":"<20151211102842.26599.3647@sandbox991.mailgun.org>","message":"Queued. Thank you.","level":"info","timestamp":"2015-12-11T10:28:42.490Z"}
{"level":"info","message":"Message sent: ","timestamp":"2015-12-11T10:28:42.499Z"}
{"id":"<20151211102842.98356.19668@sandbox991.mailgun.org>","message":"Queued. Thank you.","level":"info","timestamp":"2015-12-11T10:28:42.499Z"}
{"level":"info","message":"Message sent: ","timestamp":"2015-12-11T10:28:42.500Z"}
{"id":"<20151211102842.90193.1466@sandbox991.mailgun.org>","message":"Queued. Thank you.","level":"info","timestamp":"2015-12-11T10:28:42.500Z"}
{"level":"info","message":"Message sent: ","timestamp":"2015-12-11T10:28:42.510Z"}
{"id":"<20151211102842.26608.17526@sandbox991.mailgun.org>","message":"Queued. Thank you.","level":"info","timestamp":"2015-12-11T10:28:42.511Z"}
{"level":"info","message":"Message sent: ","timestamp":"2015-12-11T10:28:42.515Z"}
{"id":"<20151211102842.98362.13952@sandbox991.mailgun.org>","message":"Queued. Thank you.","level":"info","timestamp":"2015-12-11T10:28:42.515Z"}
{"level":"info","message":"Message sent: ","timestamp":"2015-12-11T10:28:42.528Z"}
{"id":"<20151211102842.26593.9271@sandbox991.mailgun.org>","message":"Queued. Thank you.","level":"info","timestamp":"2015-12-11T10:28:42.529Z"}
{"level":"info","message":"Message sent: ","timestamp":"2015-12-11T10:28:42.531Z"}
{"id":"<20151211102842.26601.50528@sandbox991.mailgun.org>","message":"Queued. Thank you.","level":"info","timestamp":"2015-12-11T10:28:42.531Z"}
{"level":"info","message":"Message sent: ","timestamp":"2015-12-11T10:28:42.533Z"}
{"id":"<20151211102842.16240.57908@sandbox991.mailgun.org>","message":"Queued. Thank you.","level":"info","timestamp":"2015-12-11T10:28:42.533Z"}
{"level":"info","message":"Message sent: ","timestamp":"2015-12-11T10:28:42.533Z"}
{"id":"<20151211102842.26620.93733@sandbox991.mailgun.org>","message":"Queued. Thank you.","level":"info","timestamp":"2015-12-11T10:28:42.534Z"}
{"level":"info","message":"Message sent: ","timestamp":"2015-12-11T10:28:42.553Z"}
{"id":"<20151211102842.26608.12467@sandbox991.mailgun.org>","message":"Queued. Thank you.","level":"info","timestamp":"2015-12-11T10:28:42.553Z"}
{"level":"info","message":"Message sent: ","timestamp":"2015-12-11T10:28:42.555Z"}
{"id":"<20151211102842.73063.20715@sandbox991.mailgun.org>","message":"Queued. Thank you.","level":"info","timestamp":"2015-12-11T10:28:42.555Z"}
{"level":"info","message":"Message sent: ","timestamp":"2015-12-11T10:28:42.558Z"}
{"id":"<20151211102842.90203.18702@sandbox991.mailgun.org>","message":"Queued. Thank you.","level":"info","timestamp":"2015-12-11T10:28:42.559Z"}
{"level":"info","message":"Message sent: ","timestamp":"2015-12-11T10:28:42.562Z"}
{"id":"<20151211102842.26608.50900@sandbox991.mailgun.org>","message":"Queued. Thank you.","level":"info","timestamp":"2015-12-11T10:28:42.563Z"}
{"level":"info","message":"Message sent: ","timestamp":"2015-12-11T10:28:42.640Z"}
{"id":"<20151211102842.90207.84413@sandbox991.mailgun.org>","message":"Queued. Thank you.","level":"info","timestamp":"2015-12-11T10:28:42.640Z"}
{"level":"info","message":"Message sent: ","timestamp":"2015-12-11T10:28:42.861Z"}
{"id":"<20151211102842.16234.36072@sandbox991.mailgun.org>","message":"Queued. Thank you.","level":"info","timestamp":"2015-12-11T10:28:42.862Z"}
{"level":"info","message":"Message sent: ","timestamp":"2015-12-11T10:28:43.116Z"}
{"id":"<20151211102842.98358.95074@sandbox991.mailgun.org>","message":"Queued. Thank you.","level":"info","timestamp":"2015-12-11T10:28:43.117Z"}
{"level":"info","message":"Message sent: ","timestamp":"2015-12-11T10:28:43.167Z"}
{"id":"<20151211102843.98354.28778@sandbox991.mailgun.org>","message":"Queued. Thank you.","level":"info","timestamp":"2015-12-11T10:28:43.167Z"}
{"level":"info","message":"Message sent: ","timestamp":"2015-12-11T10:28:43.169Z"}
{"id":"<20151211102843.90199.62192@sandbox991.mailgun.org>","message":"Queued. Thank you.","level":"info","timestamp":"2015-12-11T10:28:43.169Z"}
{"level":"info","message":"Message sent: ","timestamp":"2015-12-11T10:28:43.180Z"}
{"id":"<20151211102843.73041.11647@sandbox991.mailgun.org>","message":"Queued. Thank you.","level":"info","timestamp":"2015-12-11T10:28:43.180Z"}
{"level":"info","message":"Message sent: ","timestamp":"2015-12-11T10:28:43.224Z"}
{"id":"<20151211102843.73059.2676@sandbox991.mailgun.org>","message":"Queued. Thank you.","level":"info","timestamp":"2015-12-11T10:28:43.225Z"}
{"level":"info","message":"Message sent: ","timestamp":"2015-12-11T10:28:43.230Z"}
{"id":"<20151211102843.73044.76666@sandbox991.mailgun.org>","message":"Queued. Thank you.","level":"info","timestamp":"2015-12-11T10:28:43.230Z"}
{"level":"info","message":"Message sent: ","timestamp":"2015-12-11T10:28:44.143Z"}
{"id":"<20151211102844.90193.60592@sandbox991.mailgun.org>","message":"Queued. Thank you.","level":"info","timestamp":"2015-12-11T10:28:44.143Z"}
